<?xml version="1.0" encoding="UTF-8"?>
<coverage generated="1755687057602" clover="3.2.0">
  <project timestamp="1755687057602" name="All files">
    <metrics statements="78" coveredstatements="77" conditionals="63" coveredconditionals="62" methods="11" coveredmethods="11" elements="152" coveredelements="150" complexity="0" loc="78" ncloc="78" packages="2" files="5" classes="5"/>
    <package name="src">
      <metrics statements="7" coveredstatements="7" conditionals="3" coveredconditionals="3" methods="1" coveredmethods="1"/>
      <file name="index.js" path="/home/gringblade/frontend-project-46/src/index.js">
        <metrics statements="7" coveredstatements="7" conditionals="3" coveredconditionals="3" methods="1" coveredmethods="1"/>
        <line num="6" count="1" type="stmt"/>
        <line num="7" count="20" type="stmt"/>
        <line num="8" count="20" type="stmt"/>
        <line num="9" count="20" type="stmt"/>
        <line num="11" count="20" type="cond" truecount="3" falsecount="0"/>
        <line num="14" count="9" type="stmt"/>
        <line num="16" count="11" type="stmt"/>
      </file>
    </package>
    <package name="src.formatters">
      <metrics statements="71" coveredstatements="70" conditionals="60" coveredconditionals="59" methods="10" coveredmethods="10"/>
      <file name="index.js" path="/home/gringblade/frontend-project-46/src/formatters/index.js">
        <metrics statements="9" coveredstatements="8" conditionals="4" coveredconditionals="3" methods="1" coveredmethods="1"/>
        <line num="6" count="1" type="stmt"/>
        <line num="7" count="10" type="stmt"/>
        <line num="8" count="10" type="stmt"/>
        <line num="9" count="10" type="cond" truecount="3" falsecount="1"/>
        <line num="11" count="3" type="stmt"/>
        <line num="13" count="4" type="stmt"/>
        <line num="15" count="3" type="stmt"/>
        <line num="17" count="0" type="stmt"/>
        <line num="20" count="1" type="stmt"/>
      </file>
      <file name="json.js" path="/home/gringblade/frontend-project-46/src/formatters/json.js">
        <metrics statements="17" coveredstatements="17" conditionals="14" coveredconditionals="14" methods="2" coveredmethods="2"/>
        <line num="5" count="20" type="stmt"/>
        <line num="6" count="20" type="stmt"/>
        <line num="8" count="20" type="stmt"/>
        <line num="9" count="72" type="stmt"/>
        <line num="10" count="72" type="stmt"/>
        <line num="12" count="72" type="cond" truecount="2" falsecount="0"/>
        <line num="13" count="72" type="cond" truecount="2" falsecount="0"/>
        <line num="15" count="72" type="cond" truecount="2" falsecount="0"/>
        <line num="16" count="8" type="stmt"/>
        <line num="17" count="64" type="cond" truecount="2" falsecount="0"/>
        <line num="18" count="20" type="stmt"/>
        <line num="19" count="44" type="cond" truecount="4" falsecount="0"/>
        <line num="20" count="16" type="stmt"/>
        <line num="21" count="28" type="cond" truecount="2" falsecount="0"/>
        <line num="22" count="16" type="stmt"/>
        <line num="24" count="12" type="stmt"/>
        <line num="28" count="20" type="stmt"/>
      </file>
      <file name="plain.js" path="/home/gringblade/frontend-project-46/src/formatters/plain.js">
        <metrics statements="21" coveredstatements="21" conditionals="23" coveredconditionals="23" methods="3" coveredmethods="3"/>
        <line num="4" count="39" type="cond" truecount="2" falsecount="0"/>
        <line num="5" count="36" type="cond" truecount="2" falsecount="0"/>
        <line num="6" count="15" type="cond" truecount="2" falsecount="0"/>
        <line num="7" count="6" type="stmt"/>
        <line num="12" count="15" type="stmt"/>
        <line num="13" count="15" type="stmt"/>
        <line num="14" count="54" type="stmt"/>
        <line num="15" count="54" type="stmt"/>
        <line num="16" count="54" type="cond" truecount="2" falsecount="0"/>
        <line num="18" count="54" type="cond" truecount="2" falsecount="0"/>
        <line num="19" count="54" type="cond" truecount="2" falsecount="0"/>
        <line num="21" count="54" type="cond" truecount="2" falsecount="0"/>
        <line num="22" count="6" type="stmt"/>
        <line num="25" count="48" type="cond" truecount="2" falsecount="0"/>
        <line num="26" count="15" type="stmt"/>
        <line num="31" count="33" type="cond" truecount="4" falsecount="0"/>
        <line num="32" count="12" type="stmt"/>
        <line num="35" count="21" type="cond" truecount="2" falsecount="0"/>
        <line num="36" count="12" type="stmt"/>
        <line num="43" count="9" type="stmt"/>
        <line num="46" count="15" type="stmt"/>
      </file>
      <file name="stylish.js" path="/home/gringblade/frontend-project-46/src/formatters/stylish.js">
        <metrics statements="24" coveredstatements="24" conditionals="19" coveredconditionals="19" methods="4" coveredmethods="4"/>
        <line num="4" count="81" type="cond" truecount="4" falsecount="0"/>
        <line num="5" count="21" type="stmt"/>
        <line num="6" count="21" type="stmt"/>
        <line num="7" count="21" type="stmt"/>
        <line num="8" count="27" type="stmt"/>
        <line num="10" count="21" type="stmt"/>
        <line num="12" count="60" type="stmt"/>
        <line num="17" count="15" type="stmt"/>
        <line num="18" count="15" type="stmt"/>
        <line num="19" count="15" type="stmt"/>
        <line num="20" count="54" type="stmt"/>
        <line num="21" count="54" type="stmt"/>
        <line num="23" count="54" type="cond" truecount="2" falsecount="0"/>
        <line num="24" count="54" type="cond" truecount="2" falsecount="0"/>
        <line num="26" count="54" type="cond" truecount="2" falsecount="0"/>
        <line num="27" count="6" type="stmt"/>
        <line num="29" count="48" type="cond" truecount="2" falsecount="0"/>
        <line num="30" count="15" type="stmt"/>
        <line num="32" count="33" type="cond" truecount="4" falsecount="0"/>
        <line num="33" count="12" type="stmt"/>
        <line num="35" count="21" type="cond" truecount="2" falsecount="0"/>
        <line num="36" count="12" type="stmt"/>
        <line num="41" count="9" type="stmt"/>
        <line num="44" count="15" type="stmt"/>
      </file>
    </package>
  </project>
</coverage>
