<?xml version="1.0" encoding="UTF-8"?>
<coverage generated="1755546780953" clover="3.2.0">
  <project timestamp="1755546780953" name="All files">
    <metrics statements="60" coveredstatements="59" conditionals="49" coveredconditionals="47" methods="11" coveredmethods="11" elements="120" coveredelements="117" complexity="0" loc="60" ncloc="60" packages="2" files="4" classes="4"/>
    <package name="src">
      <metrics statements="8" coveredstatements="7" conditionals="4" coveredconditionals="3" methods="1" coveredmethods="1"/>
      <file name="index.js" path="/home/gringblade/frontend-project-46/src/index.js">
        <metrics statements="8" coveredstatements="7" conditionals="4" coveredconditionals="3" methods="1" coveredmethods="1"/>
        <line num="6" count="1" type="stmt"/>
        <line num="7" count="12" type="stmt"/>
        <line num="8" count="12" type="stmt"/>
        <line num="9" count="12" type="stmt"/>
        <line num="11" count="12" type="cond" truecount="3" falsecount="1"/>
        <line num="13" count="6" type="stmt"/>
        <line num="16" count="6" type="stmt"/>
        <line num="18" count="0" type="stmt"/>
      </file>
    </package>
    <package name="src.formatters">
      <metrics statements="52" coveredstatements="52" conditionals="45" coveredconditionals="44" methods="10" coveredmethods="10"/>
      <file name="formatPlain.js" path="/home/gringblade/frontend-project-46/src/formatters/formatPlain.js">
        <metrics statements="22" coveredstatements="22" conditionals="23" coveredconditionals="23" methods="4" coveredmethods="4"/>
        <line num="4" count="39" type="cond" truecount="2" falsecount="0"/>
        <line num="5" count="36" type="cond" truecount="2" falsecount="0"/>
        <line num="6" count="15" type="cond" truecount="2" falsecount="0"/>
        <line num="7" count="6" type="stmt"/>
        <line num="12" count="15" type="stmt"/>
        <line num="13" count="63" type="stmt"/>
        <line num="15" count="15" type="stmt"/>
        <line num="16" count="54" type="stmt"/>
        <line num="17" count="54" type="stmt"/>
        <line num="18" count="54" type="cond" truecount="2" falsecount="0"/>
        <line num="20" count="54" type="cond" truecount="2" falsecount="0"/>
        <line num="21" count="54" type="cond" truecount="2" falsecount="0"/>
        <line num="23" count="54" type="cond" truecount="2" falsecount="0"/>
        <line num="24" count="6" type="stmt"/>
        <line num="27" count="48" type="cond" truecount="2" falsecount="0"/>
        <line num="28" count="15" type="stmt"/>
        <line num="33" count="33" type="cond" truecount="4" falsecount="0"/>
        <line num="34" count="12" type="stmt"/>
        <line num="37" count="21" type="cond" truecount="2" falsecount="0"/>
        <line num="38" count="12" type="stmt"/>
        <line num="45" count="9" type="stmt"/>
        <line num="48" count="15" type="stmt"/>
      </file>
      <file name="formatStylish.js" path="/home/gringblade/frontend-project-46/src/formatters/formatStylish.js">
        <metrics statements="25" coveredstatements="25" conditionals="19" coveredconditionals="19" methods="5" coveredmethods="5"/>
        <line num="4" count="81" type="cond" truecount="4" falsecount="0"/>
        <line num="5" count="21" type="stmt"/>
        <line num="6" count="21" type="stmt"/>
        <line num="7" count="21" type="stmt"/>
        <line num="8" count="27" type="stmt"/>
        <line num="10" count="21" type="stmt"/>
        <line num="12" count="60" type="stmt"/>
        <line num="17" count="15" type="stmt"/>
        <line num="18" count="63" type="stmt"/>
        <line num="20" count="15" type="stmt"/>
        <line num="21" count="15" type="stmt"/>
        <line num="22" count="54" type="stmt"/>
        <line num="23" count="54" type="stmt"/>
        <line num="25" count="54" type="cond" truecount="2" falsecount="0"/>
        <line num="26" count="54" type="cond" truecount="2" falsecount="0"/>
        <line num="28" count="54" type="cond" truecount="2" falsecount="0"/>
        <line num="29" count="6" type="stmt"/>
        <line num="31" count="48" type="cond" truecount="2" falsecount="0"/>
        <line num="32" count="15" type="stmt"/>
        <line num="34" count="33" type="cond" truecount="4" falsecount="0"/>
        <line num="35" count="12" type="stmt"/>
        <line num="37" count="21" type="cond" truecount="2" falsecount="0"/>
        <line num="38" count="12" type="stmt"/>
        <line num="43" count="9" type="stmt"/>
        <line num="46" count="15" type="stmt"/>
      </file>
      <file name="index.js" path="/home/gringblade/frontend-project-46/src/formatters/index.js">
        <metrics statements="5" coveredstatements="5" conditionals="3" coveredconditionals="2" methods="1" coveredmethods="1"/>
        <line num="5" count="1" type="cond" truecount="0" falsecount="1"/>
        <line num="6" count="6" type="stmt"/>
        <line num="7" count="6" type="stmt"/>
        <line num="8" count="6" type="cond" truecount="2" falsecount="0"/>
        <line num="9" count="3" type="stmt"/>
      </file>
    </package>
  </project>
</coverage>
