{"/home/gringblade/frontend-project-46/src/index.js": {"path":"/home/gringblade/frontend-project-46/src/index.js","statementMap":{"0":{"start":{"line":6,"column":16},"end":{"line":20,"column":1}},"1":{"start":{"line":7,"column":19},"end":{"line":7,"column":70}},"2":{"start":{"line":8,"column":21},"end":{"line":8,"column":52}},"3":{"start":{"line":9,"column":22},"end":{"line":9,"column":55}},"4":{"start":{"line":11,"column":2},"end":{"line":19,"column":3}},"5":{"start":{"line":13,"column":6},"end":{"line":13,"column":37}},"6":{"start":{"line":16,"column":6},"end":{"line":16,"column":36}},"7":{"start":{"line":18,"column":6},"end":{"line":18,"column":75}}},"fnMap":{"0":{"name":"(anonymous_0)","decl":{"start":{"line":6,"column":16},"end":{"line":6,"column":17}},"loc":{"start":{"line":6,"column":31},"end":{"line":20,"column":1}},"line":6}},"branchMap":{"0":{"loc":{"start":{"line":11,"column":2},"end":{"line":19,"column":3}},"type":"switch","locations":[{"start":{"line":12,"column":4},"end":{"line":13,"column":37}},{"start":{"line":14,"column":4},"end":{"line":14,"column":16}},{"start":{"line":15,"column":4},"end":{"line":16,"column":36}},{"start":{"line":17,"column":4},"end":{"line":18,"column":75}}],"line":11}},"s":{"0":1,"1":14,"2":13,"3":13,"4":13,"5":7,"6":6,"7":0},"f":{"0":14},"b":{"0":[7,2,6,0]},"_coverageSchema":"1a1c01bbd47fc00a2c39e90264f33305004495a9","hash":"c6711cf99308b6f1eb16feec16de823b38a71e91"}
,"/home/gringblade/frontend-project-46/src/formatters/formatPlain.js": {"path":"/home/gringblade/frontend-project-46/src/formatters/formatPlain.js","statementMap":{"0":{"start":{"line":4,"column":2},"end":{"line":4,"column":36}},"1":{"start":{"line":4,"column":22},"end":{"line":4,"column":36}},"2":{"start":{"line":5,"column":2},"end":{"line":5,"column":53}},"3":{"start":{"line":5,"column":33},"end":{"line":5,"column":53}},"4":{"start":{"line":6,"column":2},"end":{"line":6,"column":58}},"5":{"start":{"line":6,"column":33},"end":{"line":6,"column":58}},"6":{"start":{"line":7,"column":2},"end":{"line":7,"column":23}},"7":{"start":{"line":12,"column":15},"end":{"line":14,"column":3}},"8":{"start":{"line":13,"column":14},"end":{"line":13,"column":32}},"9":{"start":{"line":15,"column":17},"end":{"line":46,"column":4}},"10":{"start":{"line":16,"column":17},"end":{"line":16,"column":28}},"11":{"start":{"line":17,"column":17},"end":{"line":17,"column":28}},"12":{"start":{"line":18,"column":24},"end":{"line":18,"column":65}},"13":{"start":{"line":20,"column":19},"end":{"line":20,"column":60}},"14":{"start":{"line":21,"column":19},"end":{"line":21,"column":60}},"15":{"start":{"line":23,"column":4},"end":{"line":25,"column":5}},"16":{"start":{"line":24,"column":6},"end":{"line":24,"column":55}},"17":{"start":{"line":27,"column":4},"end":{"line":31,"column":5}},"18":{"start":{"line":28,"column":6},"end":{"line":30,"column":8}},"19":{"start":{"line":33,"column":4},"end":{"line":35,"column":5}},"20":{"start":{"line":34,"column":6},"end":{"line":34,"column":48}},"21":{"start":{"line":37,"column":4},"end":{"line":43,"column":5}},"22":{"start":{"line":38,"column":6},"end":{"line":42,"column":8}},"23":{"start":{"line":45,"column":4},"end":{"line":45,"column":14}},"24":{"start":{"line":48,"column":2},"end":{"line":48,"column":27}}},"fnMap":{"0":{"name":"formatValue","decl":{"start":{"line":3,"column":9},"end":{"line":3,"column":20}},"loc":{"start":{"line":3,"column":28},"end":{"line":8,"column":1}},"line":3},"1":{"name":"diffPlain","decl":{"start":{"line":11,"column":9},"end":{"line":11,"column":18}},"loc":{"start":{"line":11,"column":48},"end":{"line":49,"column":1}},"line":11},"2":{"name":"(anonymous_2)","decl":{"start":{"line":13,"column":4},"end":{"line":13,"column":5}},"loc":{"start":{"line":13,"column":14},"end":{"line":13,"column":32}},"line":13},"3":{"name":"(anonymous_3)","decl":{"start":{"line":15,"column":30},"end":{"line":15,"column":31}},"loc":{"start":{"line":15,"column":39},"end":{"line":46,"column":3}},"line":15}},"branchMap":{"0":{"loc":{"start":{"line":4,"column":2},"end":{"line":4,"column":36}},"type":"if","locations":[{"start":{"line":4,"column":2},"end":{"line":4,"column":36}},{"start":{},"end":{}}],"line":4},"1":{"loc":{"start":{"line":5,"column":2},"end":{"line":5,"column":53}},"type":"if","locations":[{"start":{"line":5,"column":2},"end":{"line":5,"column":53}},{"start":{},"end":{}}],"line":5},"2":{"loc":{"start":{"line":6,"column":2},"end":{"line":6,"column":58}},"type":"if","locations":[{"start":{"line":6,"column":2},"end":{"line":6,"column":58}},{"start":{},"end":{}}],"line":6},"3":{"loc":{"start":{"line":11,"column":31},"end":{"line":11,"column":46}},"type":"default-arg","locations":[{"start":{"line":11,"column":44},"end":{"line":11,"column":46}}],"line":11},"4":{"loc":{"start":{"line":18,"column":24},"end":{"line":18,"column":65}},"type":"cond-expr","locations":[{"start":{"line":18,"column":37},"end":{"line":18,"column":59}},{"start":{"line":18,"column":62},"end":{"line":18,"column":65}}],"line":18},"5":{"loc":{"start":{"line":20,"column":19},"end":{"line":20,"column":60}},"type":"binary-expr","locations":[{"start":{"line":20,"column":19},"end":{"line":20,"column":43}},{"start":{"line":20,"column":47},"end":{"line":20,"column":60}}],"line":20},"6":{"loc":{"start":{"line":21,"column":19},"end":{"line":21,"column":60}},"type":"binary-expr","locations":[{"start":{"line":21,"column":19},"end":{"line":21,"column":43}},{"start":{"line":21,"column":47},"end":{"line":21,"column":60}}],"line":21},"7":{"loc":{"start":{"line":23,"column":4},"end":{"line":25,"column":5}},"type":"if","locations":[{"start":{"line":23,"column":4},"end":{"line":25,"column":5}},{"start":{},"end":{}}],"line":23},"8":{"loc":{"start":{"line":27,"column":4},"end":{"line":31,"column":5}},"type":"if","locations":[{"start":{"line":27,"column":4},"end":{"line":31,"column":5}},{"start":{},"end":{}}],"line":27},"9":{"loc":{"start":{"line":33,"column":4},"end":{"line":35,"column":5}},"type":"if","locations":[{"start":{"line":33,"column":4},"end":{"line":35,"column":5}},{"start":{},"end":{}}],"line":33},"10":{"loc":{"start":{"line":33,"column":8},"end":{"line":33,"column":24}},"type":"binary-expr","locations":[{"start":{"line":33,"column":8},"end":{"line":33,"column":14}},{"start":{"line":33,"column":18},"end":{"line":33,"column":24}}],"line":33},"11":{"loc":{"start":{"line":37,"column":4},"end":{"line":43,"column":5}},"type":"if","locations":[{"start":{"line":37,"column":4},"end":{"line":43,"column":5}},{"start":{},"end":{}}],"line":37}},"s":{"0":39,"1":3,"2":36,"3":21,"4":15,"5":9,"6":6,"7":15,"8":63,"9":15,"10":54,"11":54,"12":54,"13":54,"14":54,"15":54,"16":6,"17":48,"18":15,"19":33,"20":12,"21":21,"22":12,"23":9,"24":15},"f":{"0":39,"1":15,"2":63,"3":54},"b":{"0":[3,36],"1":[21,15],"2":[9,6],"3":[3],"4":[42,12],"5":[54,18],"6":[54,21],"7":[6,48],"8":[15,33],"9":[12,21],"10":[33,15],"11":[12,9]},"_coverageSchema":"1a1c01bbd47fc00a2c39e90264f33305004495a9","hash":"d7bcffcf788cf491db444808c8f1d676321a4a04"}
,"/home/gringblade/frontend-project-46/src/formatters/formatStylish.js": {"path":"/home/gringblade/frontend-project-46/src/formatters/formatStylish.js","statementMap":{"0":{"start":{"line":4,"column":2},"end":{"line":11,"column":3}},"1":{"start":{"line":5,"column":19},"end":{"line":5,"column":44}},"2":{"start":{"line":6,"column":26},"end":{"line":6,"column":47}},"3":{"start":{"line":7,"column":18},"end":{"line":9,"column":5}},"4":{"start":{"line":8,"column":18},"end":{"line":8,"column":63}},"5":{"start":{"line":10,"column":4},"end":{"line":10,"column":55}},"6":{"start":{"line":12,"column":2},"end":{"line":12,"column":23}},"7":{"start":{"line":17,"column":15},"end":{"line":19,"column":3}},"8":{"start":{"line":18,"column":14},"end":{"line":18,"column":32}},"9":{"start":{"line":20,"column":17},"end":{"line":20,"column":38}},"10":{"start":{"line":21,"column":17},"end":{"line":44,"column":4}},"11":{"start":{"line":22,"column":17},"end":{"line":22,"column":28}},"12":{"start":{"line":23,"column":17},"end":{"line":23,"column":28}},"13":{"start":{"line":25,"column":19},"end":{"line":25,"column":60}},"14":{"start":{"line":26,"column":19},"end":{"line":26,"column":60}},"15":{"start":{"line":28,"column":4},"end":{"line":30,"column":5}},"16":{"start":{"line":29,"column":6},"end":{"line":29,"column":69}},"17":{"start":{"line":31,"column":4},"end":{"line":33,"column":5}},"18":{"start":{"line":32,"column":6},"end":{"line":32,"column":69}},"19":{"start":{"line":34,"column":4},"end":{"line":36,"column":5}},"20":{"start":{"line":35,"column":6},"end":{"line":35,"column":75}},"21":{"start":{"line":37,"column":4},"end":{"line":42,"column":5}},"22":{"start":{"line":38,"column":6},"end":{"line":41,"column":8}},"23":{"start":{"line":43,"column":4},"end":{"line":43,"column":67}},"24":{"start":{"line":46,"column":2},"end":{"line":46,"column":47}}},"fnMap":{"0":{"name":"formatValue","decl":{"start":{"line":3,"column":9},"end":{"line":3,"column":20}},"loc":{"start":{"line":3,"column":35},"end":{"line":13,"column":1}},"line":3},"1":{"name":"(anonymous_1)","decl":{"start":{"line":8,"column":6},"end":{"line":8,"column":7}},"loc":{"start":{"line":8,"column":18},"end":{"line":8,"column":63}},"line":8},"2":{"name":"diffStylish","decl":{"start":{"line":16,"column":9},"end":{"line":16,"column":20}},"loc":{"start":{"line":16,"column":44},"end":{"line":47,"column":1}},"line":16},"3":{"name":"(anonymous_3)","decl":{"start":{"line":18,"column":4},"end":{"line":18,"column":5}},"loc":{"start":{"line":18,"column":14},"end":{"line":18,"column":32}},"line":18},"4":{"name":"(anonymous_4)","decl":{"start":{"line":21,"column":30},"end":{"line":21,"column":31}},"loc":{"start":{"line":21,"column":39},"end":{"line":44,"column":3}},"line":21}},"branchMap":{"0":{"loc":{"start":{"line":4,"column":2},"end":{"line":11,"column":3}},"type":"if","locations":[{"start":{"line":4,"column":2},"end":{"line":11,"column":3}},{"start":{},"end":{}}],"line":4},"1":{"loc":{"start":{"line":4,"column":6},"end":{"line":4,"column":49}},"type":"binary-expr","locations":[{"start":{"line":4,"column":6},"end":{"line":4,"column":31}},{"start":{"line":4,"column":35},"end":{"line":4,"column":49}}],"line":4},"2":{"loc":{"start":{"line":16,"column":33},"end":{"line":16,"column":42}},"type":"default-arg","locations":[{"start":{"line":16,"column":41},"end":{"line":16,"column":42}}],"line":16},"3":{"loc":{"start":{"line":25,"column":19},"end":{"line":25,"column":60}},"type":"binary-expr","locations":[{"start":{"line":25,"column":19},"end":{"line":25,"column":43}},{"start":{"line":25,"column":47},"end":{"line":25,"column":60}}],"line":25},"4":{"loc":{"start":{"line":26,"column":19},"end":{"line":26,"column":60}},"type":"binary-expr","locations":[{"start":{"line":26,"column":19},"end":{"line":26,"column":43}},{"start":{"line":26,"column":47},"end":{"line":26,"column":60}}],"line":26},"5":{"loc":{"start":{"line":28,"column":4},"end":{"line":30,"column":5}},"type":"if","locations":[{"start":{"line":28,"column":4},"end":{"line":30,"column":5}},{"start":{},"end":{}}],"line":28},"6":{"loc":{"start":{"line":31,"column":4},"end":{"line":33,"column":5}},"type":"if","locations":[{"start":{"line":31,"column":4},"end":{"line":33,"column":5}},{"start":{},"end":{}}],"line":31},"7":{"loc":{"start":{"line":34,"column":4},"end":{"line":36,"column":5}},"type":"if","locations":[{"start":{"line":34,"column":4},"end":{"line":36,"column":5}},{"start":{},"end":{}}],"line":34},"8":{"loc":{"start":{"line":34,"column":8},"end":{"line":34,"column":24}},"type":"binary-expr","locations":[{"start":{"line":34,"column":8},"end":{"line":34,"column":14}},{"start":{"line":34,"column":18},"end":{"line":34,"column":24}}],"line":34},"9":{"loc":{"start":{"line":37,"column":4},"end":{"line":42,"column":5}},"type":"if","locations":[{"start":{"line":37,"column":4},"end":{"line":42,"column":5}},{"start":{},"end":{}}],"line":37}},"s":{"0":81,"1":21,"2":21,"3":21,"4":27,"5":21,"6":60,"7":15,"8":63,"9":15,"10":15,"11":54,"12":54,"13":54,"14":54,"15":54,"16":6,"17":48,"18":15,"19":33,"20":12,"21":21,"22":12,"23":9,"24":15},"f":{"0":81,"1":27,"2":15,"3":63,"4":54},"b":{"0":[21,60],"1":[81,24],"2":[3],"3":[54,18],"4":[54,21],"5":[6,48],"6":[15,33],"7":[12,21],"8":[33,15],"9":[12,9]},"_coverageSchema":"1a1c01bbd47fc00a2c39e90264f33305004495a9","hash":"b5bfc2226be50db4ac0a2aa49586e7d8cd2d31c0"}
,"/home/gringblade/frontend-project-46/src/formatters/index.js": {"path":"/home/gringblade/frontend-project-46/src/formatters/index.js","statementMap":{"0":{"start":{"line":5,"column":19},"end":{"line":10,"column":1}},"1":{"start":{"line":6,"column":15},"end":{"line":6,"column":33}},"2":{"start":{"line":7,"column":15},"end":{"line":7,"column":33}},"3":{"start":{"line":8,"column":2},"end":{"line":8,"column":59}},"4":{"start":{"line":8,"column":30},"end":{"line":8,"column":59}},"5":{"start":{"line":9,"column":2},"end":{"line":9,"column":33}}},"fnMap":{"0":{"name":"(anonymous_0)","decl":{"start":{"line":5,"column":19},"end":{"line":5,"column":20}},"loc":{"start":{"line":5,"column":57},"end":{"line":10,"column":1}},"line":5}},"branchMap":{"0":{"loc":{"start":{"line":8,"column":2},"end":{"line":8,"column":59}},"type":"if","locations":[{"start":{"line":8,"column":2},"end":{"line":8,"column":59}},{"start":{},"end":{}}],"line":8}},"s":{"0":1,"1":7,"2":7,"3":6,"4":3,"5":3},"f":{"0":7},"b":{"0":[3,3]},"_coverageSchema":"1a1c01bbd47fc00a2c39e90264f33305004495a9","hash":"4e0058961059ddc10be29213e5c96aafe0aee91c"}
}
