{"/home/gringblade/frontend-project-46/src/index.js": {"path":"/home/gringblade/frontend-project-46/src/index.js","statementMap":{"0":{"start":{"line":6,"column":16},"end":{"line":18,"column":1}},"1":{"start":{"line":7,"column":19},"end":{"line":7,"column":70}},"2":{"start":{"line":8,"column":21},"end":{"line":8,"column":52}},"3":{"start":{"line":9,"column":22},"end":{"line":9,"column":55}},"4":{"start":{"line":11,"column":2},"end":{"line":17,"column":3}},"5":{"start":{"line":14,"column":6},"end":{"line":14,"column":36}},"6":{"start":{"line":16,"column":6},"end":{"line":16,"column":37}}},"fnMap":{"0":{"name":"(anonymous_0)","decl":{"start":{"line":6,"column":16},"end":{"line":6,"column":17}},"loc":{"start":{"line":6,"column":31},"end":{"line":18,"column":1}},"line":6}},"branchMap":{"0":{"loc":{"start":{"line":11,"column":2},"end":{"line":17,"column":3}},"type":"switch","locations":[{"start":{"line":12,"column":4},"end":{"line":12,"column":16}},{"start":{"line":13,"column":4},"end":{"line":14,"column":36}},{"start":{"line":15,"column":4},"end":{"line":16,"column":37}}],"line":11}},"s":{"0":1,"1":12,"2":12,"3":12,"4":12,"5":6,"6":6},"f":{"0":12},"b":{"0":[2,6,6]},"_coverageSchema":"1a1c01bbd47fc00a2c39e90264f33305004495a9","hash":"7994d27fa4372a24681f1814258bc93a8002ea9a"}
,"/home/gringblade/frontend-project-46/src/formatters/formatPlain.js": {"path":"/home/gringblade/frontend-project-46/src/formatters/formatPlain.js","statementMap":{"0":{"start":{"line":4,"column":2},"end":{"line":4,"column":36}},"1":{"start":{"line":4,"column":22},"end":{"line":4,"column":36}},"2":{"start":{"line":5,"column":2},"end":{"line":5,"column":53}},"3":{"start":{"line":5,"column":33},"end":{"line":5,"column":53}},"4":{"start":{"line":6,"column":2},"end":{"line":6,"column":58}},"5":{"start":{"line":6,"column":33},"end":{"line":6,"column":58}},"6":{"start":{"line":7,"column":2},"end":{"line":7,"column":23}},"7":{"start":{"line":12,"column":15},"end":{"line":12,"column":70}},"8":{"start":{"line":13,"column":17},"end":{"line":44,"column":4}},"9":{"start":{"line":14,"column":17},"end":{"line":14,"column":28}},"10":{"start":{"line":15,"column":17},"end":{"line":15,"column":28}},"11":{"start":{"line":16,"column":24},"end":{"line":16,"column":65}},"12":{"start":{"line":18,"column":19},"end":{"line":18,"column":60}},"13":{"start":{"line":19,"column":19},"end":{"line":19,"column":60}},"14":{"start":{"line":21,"column":4},"end":{"line":23,"column":5}},"15":{"start":{"line":22,"column":6},"end":{"line":22,"column":55}},"16":{"start":{"line":25,"column":4},"end":{"line":29,"column":5}},"17":{"start":{"line":26,"column":6},"end":{"line":28,"column":8}},"18":{"start":{"line":31,"column":4},"end":{"line":33,"column":5}},"19":{"start":{"line":32,"column":6},"end":{"line":32,"column":48}},"20":{"start":{"line":35,"column":4},"end":{"line":41,"column":5}},"21":{"start":{"line":36,"column":6},"end":{"line":40,"column":8}},"22":{"start":{"line":43,"column":4},"end":{"line":43,"column":14}},"23":{"start":{"line":46,"column":2},"end":{"line":46,"column":27}}},"fnMap":{"0":{"name":"formatValue","decl":{"start":{"line":3,"column":9},"end":{"line":3,"column":20}},"loc":{"start":{"line":3,"column":28},"end":{"line":8,"column":1}},"line":3},"1":{"name":"diffPlain","decl":{"start":{"line":11,"column":9},"end":{"line":11,"column":18}},"loc":{"start":{"line":11,"column":48},"end":{"line":47,"column":1}},"line":11},"2":{"name":"(anonymous_2)","decl":{"start":{"line":13,"column":30},"end":{"line":13,"column":31}},"loc":{"start":{"line":13,"column":39},"end":{"line":44,"column":3}},"line":13}},"branchMap":{"0":{"loc":{"start":{"line":4,"column":2},"end":{"line":4,"column":36}},"type":"if","locations":[{"start":{"line":4,"column":2},"end":{"line":4,"column":36}},{"start":{},"end":{}}],"line":4},"1":{"loc":{"start":{"line":5,"column":2},"end":{"line":5,"column":53}},"type":"if","locations":[{"start":{"line":5,"column":2},"end":{"line":5,"column":53}},{"start":{},"end":{}}],"line":5},"2":{"loc":{"start":{"line":6,"column":2},"end":{"line":6,"column":58}},"type":"if","locations":[{"start":{"line":6,"column":2},"end":{"line":6,"column":58}},{"start":{},"end":{}}],"line":6},"3":{"loc":{"start":{"line":11,"column":31},"end":{"line":11,"column":46}},"type":"default-arg","locations":[{"start":{"line":11,"column":44},"end":{"line":11,"column":46}}],"line":11},"4":{"loc":{"start":{"line":16,"column":24},"end":{"line":16,"column":65}},"type":"cond-expr","locations":[{"start":{"line":16,"column":37},"end":{"line":16,"column":59}},{"start":{"line":16,"column":62},"end":{"line":16,"column":65}}],"line":16},"5":{"loc":{"start":{"line":18,"column":19},"end":{"line":18,"column":60}},"type":"binary-expr","locations":[{"start":{"line":18,"column":19},"end":{"line":18,"column":43}},{"start":{"line":18,"column":47},"end":{"line":18,"column":60}}],"line":18},"6":{"loc":{"start":{"line":19,"column":19},"end":{"line":19,"column":60}},"type":"binary-expr","locations":[{"start":{"line":19,"column":19},"end":{"line":19,"column":43}},{"start":{"line":19,"column":47},"end":{"line":19,"column":60}}],"line":19},"7":{"loc":{"start":{"line":21,"column":4},"end":{"line":23,"column":5}},"type":"if","locations":[{"start":{"line":21,"column":4},"end":{"line":23,"column":5}},{"start":{},"end":{}}],"line":21},"8":{"loc":{"start":{"line":25,"column":4},"end":{"line":29,"column":5}},"type":"if","locations":[{"start":{"line":25,"column":4},"end":{"line":29,"column":5}},{"start":{},"end":{}}],"line":25},"9":{"loc":{"start":{"line":31,"column":4},"end":{"line":33,"column":5}},"type":"if","locations":[{"start":{"line":31,"column":4},"end":{"line":33,"column":5}},{"start":{},"end":{}}],"line":31},"10":{"loc":{"start":{"line":31,"column":8},"end":{"line":31,"column":24}},"type":"binary-expr","locations":[{"start":{"line":31,"column":8},"end":{"line":31,"column":14}},{"start":{"line":31,"column":18},"end":{"line":31,"column":24}}],"line":31},"11":{"loc":{"start":{"line":35,"column":4},"end":{"line":41,"column":5}},"type":"if","locations":[{"start":{"line":35,"column":4},"end":{"line":41,"column":5}},{"start":{},"end":{}}],"line":35}},"s":{"0":39,"1":3,"2":36,"3":21,"4":15,"5":9,"6":6,"7":15,"8":15,"9":54,"10":54,"11":54,"12":54,"13":54,"14":54,"15":6,"16":48,"17":15,"18":33,"19":12,"20":21,"21":12,"22":9,"23":15},"f":{"0":39,"1":15,"2":54},"b":{"0":[3,36],"1":[21,15],"2":[9,6],"3":[3],"4":[42,12],"5":[54,18],"6":[54,21],"7":[6,48],"8":[15,33],"9":[12,21],"10":[33,15],"11":[12,9]},"_coverageSchema":"1a1c01bbd47fc00a2c39e90264f33305004495a9","hash":"f4dd534291f34cdfcf31e05131f5ec97c916d40c"}
,"/home/gringblade/frontend-project-46/src/formatters/formatStylish.js": {"path":"/home/gringblade/frontend-project-46/src/formatters/formatStylish.js","statementMap":{"0":{"start":{"line":4,"column":2},"end":{"line":11,"column":3}},"1":{"start":{"line":5,"column":19},"end":{"line":5,"column":44}},"2":{"start":{"line":6,"column":26},"end":{"line":6,"column":47}},"3":{"start":{"line":7,"column":18},"end":{"line":9,"column":5}},"4":{"start":{"line":8,"column":18},"end":{"line":8,"column":63}},"5":{"start":{"line":10,"column":4},"end":{"line":10,"column":55}},"6":{"start":{"line":12,"column":2},"end":{"line":12,"column":23}},"7":{"start":{"line":17,"column":15},"end":{"line":17,"column":70}},"8":{"start":{"line":18,"column":17},"end":{"line":18,"column":38}},"9":{"start":{"line":19,"column":17},"end":{"line":42,"column":4}},"10":{"start":{"line":20,"column":17},"end":{"line":20,"column":28}},"11":{"start":{"line":21,"column":17},"end":{"line":21,"column":28}},"12":{"start":{"line":23,"column":19},"end":{"line":23,"column":60}},"13":{"start":{"line":24,"column":19},"end":{"line":24,"column":60}},"14":{"start":{"line":26,"column":4},"end":{"line":28,"column":5}},"15":{"start":{"line":27,"column":6},"end":{"line":27,"column":69}},"16":{"start":{"line":29,"column":4},"end":{"line":31,"column":5}},"17":{"start":{"line":30,"column":6},"end":{"line":30,"column":69}},"18":{"start":{"line":32,"column":4},"end":{"line":34,"column":5}},"19":{"start":{"line":33,"column":6},"end":{"line":33,"column":75}},"20":{"start":{"line":35,"column":4},"end":{"line":40,"column":5}},"21":{"start":{"line":36,"column":6},"end":{"line":39,"column":8}},"22":{"start":{"line":41,"column":4},"end":{"line":41,"column":67}},"23":{"start":{"line":44,"column":2},"end":{"line":44,"column":47}}},"fnMap":{"0":{"name":"formatValue","decl":{"start":{"line":3,"column":9},"end":{"line":3,"column":20}},"loc":{"start":{"line":3,"column":35},"end":{"line":13,"column":1}},"line":3},"1":{"name":"(anonymous_1)","decl":{"start":{"line":8,"column":6},"end":{"line":8,"column":7}},"loc":{"start":{"line":8,"column":18},"end":{"line":8,"column":63}},"line":8},"2":{"name":"diffStylish","decl":{"start":{"line":16,"column":9},"end":{"line":16,"column":20}},"loc":{"start":{"line":16,"column":44},"end":{"line":45,"column":1}},"line":16},"3":{"name":"(anonymous_3)","decl":{"start":{"line":19,"column":30},"end":{"line":19,"column":31}},"loc":{"start":{"line":19,"column":39},"end":{"line":42,"column":3}},"line":19}},"branchMap":{"0":{"loc":{"start":{"line":4,"column":2},"end":{"line":11,"column":3}},"type":"if","locations":[{"start":{"line":4,"column":2},"end":{"line":11,"column":3}},{"start":{},"end":{}}],"line":4},"1":{"loc":{"start":{"line":4,"column":6},"end":{"line":4,"column":49}},"type":"binary-expr","locations":[{"start":{"line":4,"column":6},"end":{"line":4,"column":31}},{"start":{"line":4,"column":35},"end":{"line":4,"column":49}}],"line":4},"2":{"loc":{"start":{"line":16,"column":33},"end":{"line":16,"column":42}},"type":"default-arg","locations":[{"start":{"line":16,"column":41},"end":{"line":16,"column":42}}],"line":16},"3":{"loc":{"start":{"line":23,"column":19},"end":{"line":23,"column":60}},"type":"binary-expr","locations":[{"start":{"line":23,"column":19},"end":{"line":23,"column":43}},{"start":{"line":23,"column":47},"end":{"line":23,"column":60}}],"line":23},"4":{"loc":{"start":{"line":24,"column":19},"end":{"line":24,"column":60}},"type":"binary-expr","locations":[{"start":{"line":24,"column":19},"end":{"line":24,"column":43}},{"start":{"line":24,"column":47},"end":{"line":24,"column":60}}],"line":24},"5":{"loc":{"start":{"line":26,"column":4},"end":{"line":28,"column":5}},"type":"if","locations":[{"start":{"line":26,"column":4},"end":{"line":28,"column":5}},{"start":{},"end":{}}],"line":26},"6":{"loc":{"start":{"line":29,"column":4},"end":{"line":31,"column":5}},"type":"if","locations":[{"start":{"line":29,"column":4},"end":{"line":31,"column":5}},{"start":{},"end":{}}],"line":29},"7":{"loc":{"start":{"line":32,"column":4},"end":{"line":34,"column":5}},"type":"if","locations":[{"start":{"line":32,"column":4},"end":{"line":34,"column":5}},{"start":{},"end":{}}],"line":32},"8":{"loc":{"start":{"line":32,"column":8},"end":{"line":32,"column":24}},"type":"binary-expr","locations":[{"start":{"line":32,"column":8},"end":{"line":32,"column":14}},{"start":{"line":32,"column":18},"end":{"line":32,"column":24}}],"line":32},"9":{"loc":{"start":{"line":35,"column":4},"end":{"line":40,"column":5}},"type":"if","locations":[{"start":{"line":35,"column":4},"end":{"line":40,"column":5}},{"start":{},"end":{}}],"line":35}},"s":{"0":81,"1":21,"2":21,"3":21,"4":27,"5":21,"6":60,"7":15,"8":15,"9":15,"10":54,"11":54,"12":54,"13":54,"14":54,"15":6,"16":48,"17":15,"18":33,"19":12,"20":21,"21":12,"22":9,"23":15},"f":{"0":81,"1":27,"2":15,"3":54},"b":{"0":[21,60],"1":[81,24],"2":[3],"3":[54,18],"4":[54,21],"5":[6,48],"6":[15,33],"7":[12,21],"8":[33,15],"9":[12,9]},"_coverageSchema":"1a1c01bbd47fc00a2c39e90264f33305004495a9","hash":"080a25732f3ee7c411929ff763f9b7ea0807734e"}
,"/home/gringblade/frontend-project-46/src/formatters/index.js": {"path":"/home/gringblade/frontend-project-46/src/formatters/index.js","statementMap":{"0":{"start":{"line":5,"column":19},"end":{"line":10,"column":1}},"1":{"start":{"line":6,"column":15},"end":{"line":6,"column":33}},"2":{"start":{"line":7,"column":15},"end":{"line":7,"column":33}},"3":{"start":{"line":8,"column":2},"end":{"line":8,"column":59}},"4":{"start":{"line":8,"column":30},"end":{"line":8,"column":59}},"5":{"start":{"line":9,"column":2},"end":{"line":9,"column":33}}},"fnMap":{"0":{"name":"(anonymous_0)","decl":{"start":{"line":5,"column":19},"end":{"line":5,"column":20}},"loc":{"start":{"line":5,"column":57},"end":{"line":10,"column":1}},"line":5}},"branchMap":{"0":{"loc":{"start":{"line":8,"column":2},"end":{"line":8,"column":59}},"type":"if","locations":[{"start":{"line":8,"column":2},"end":{"line":8,"column":59}},{"start":{},"end":{}}],"line":8}},"s":{"0":1,"1":6,"2":6,"3":6,"4":3,"5":3},"f":{"0":6},"b":{"0":[3,3]},"_coverageSchema":"1a1c01bbd47fc00a2c39e90264f33305004495a9","hash":"4e0058961059ddc10be29213e5c96aafe0aee91c"}
}
