TN:
SF:src/index.js
FN:6,(anonymous_0)
FNF:1
FNH:1
FNDA:12,(anonymous_0)
DA:6,1
DA:7,12
DA:8,12
DA:9,12
DA:11,12
DA:13,6
DA:16,6
DA:18,0
LF:8
LH:7
BRDA:11,0,0,6
BRDA:11,0,1,2
BRDA:11,0,2,6
BRDA:11,0,3,0
BRF:4
BRH:3
end_of_record
TN:
SF:src/formatters/formatPlain.js
FN:3,formatValue
FN:11,diffPlain
FN:13,(anonymous_2)
FN:15,(anonymous_3)
FNF:4
FNH:4
FNDA:39,formatValue
FNDA:15,diffPlain
FNDA:63,(anonymous_2)
FNDA:54,(anonymous_3)
DA:4,39
DA:5,36
DA:6,15
DA:7,6
DA:12,15
DA:13,63
DA:15,15
DA:16,54
DA:17,54
DA:18,54
DA:20,54
DA:21,54
DA:23,54
DA:24,6
DA:27,48
DA:28,15
DA:33,33
DA:34,12
DA:37,21
DA:38,12
DA:45,9
DA:48,15
LF:22
LH:22
BRDA:4,0,0,3
BRDA:4,0,1,36
BRDA:5,1,0,21
BRDA:5,1,1,15
BRDA:6,2,0,9
BRDA:6,2,1,6
BRDA:11,3,0,3
BRDA:18,4,0,42
BRDA:18,4,1,12
BRDA:20,5,0,54
BRDA:20,5,1,18
BRDA:21,6,0,54
BRDA:21,6,1,21
BRDA:23,7,0,6
BRDA:23,7,1,48
BRDA:27,8,0,15
BRDA:27,8,1,33
BRDA:33,9,0,12
BRDA:33,9,1,21
BRDA:33,10,0,33
BRDA:33,10,1,15
BRDA:37,11,0,12
BRDA:37,11,1,9
BRF:23
BRH:23
end_of_record
TN:
SF:src/formatters/formatStylish.js
FN:3,formatValue
FN:8,(anonymous_1)
FN:16,diffStylish
FN:18,(anonymous_3)
FN:21,(anonymous_4)
FNF:5
FNH:5
FNDA:81,formatValue
FNDA:27,(anonymous_1)
FNDA:15,diffStylish
FNDA:63,(anonymous_3)
FNDA:54,(anonymous_4)
DA:4,81
DA:5,21
DA:6,21
DA:7,21
DA:8,27
DA:10,21
DA:12,60
DA:17,15
DA:18,63
DA:20,15
DA:21,15
DA:22,54
DA:23,54
DA:25,54
DA:26,54
DA:28,54
DA:29,6
DA:31,48
DA:32,15
DA:34,33
DA:35,12
DA:37,21
DA:38,12
DA:43,9
DA:46,15
LF:25
LH:25
BRDA:4,0,0,21
BRDA:4,0,1,60
BRDA:4,1,0,81
BRDA:4,1,1,24
BRDA:16,2,0,3
BRDA:25,3,0,54
BRDA:25,3,1,18
BRDA:26,4,0,54
BRDA:26,4,1,21
BRDA:28,5,0,6
BRDA:28,5,1,48
BRDA:31,6,0,15
BRDA:31,6,1,33
BRDA:34,7,0,12
BRDA:34,7,1,21
BRDA:34,8,0,33
BRDA:34,8,1,15
BRDA:37,9,0,12
BRDA:37,9,1,9
BRF:19
BRH:19
end_of_record
TN:
SF:src/formatters/index.js
FN:5,(anonymous_0)
FNF:1
FNH:1
FNDA:6,(anonymous_0)
DA:5,1
DA:6,6
DA:7,6
DA:8,6
DA:9,3
LF:5
LH:5
BRDA:5,0,0,0
BRDA:8,1,0,3
BRDA:8,1,1,3
BRF:3
BRH:2
end_of_record
