TN:
SF:src/index.js
FN:7,(anonymous_0)
FN:21,(anonymous_1)
FNF:2
FNH:2
FNDA:18,(anonymous_0)
FNDA:9,(anonymous_1)
DA:7,1
DA:8,18
DA:9,18
DA:10,18
DA:12,18
DA:15,9
DA:17,9
DA:21,1
DA:22,9
LF:9
LH:9
BRDA:12,0,0,3
BRDA:12,0,1,9
BRDA:12,0,2,9
BRF:3
BRH:3
end_of_record
TN:
SF:src/formatters/index.js
FN:5,changeFormatter
FNF:1
FNH:1
FNDA:9,changeFormatter
DA:6,9
DA:8,3
DA:10,3
DA:12,3
DA:14,0
LF:5
LH:4
BRDA:6,0,0,3
BRDA:6,0,1,3
BRDA:6,0,2,3
BRDA:6,0,3,0
BRF:4
BRH:3
end_of_record
TN:
SF:src/formatters/json.js
FN:4,json
FN:6,(anonymous_1)
FNF:2
FNH:2
FNDA:21,json
FNDA:87,(anonymous_1)
DA:5,21
DA:6,21
DA:7,87
DA:8,87
DA:10,87
DA:11,18
DA:12,69
DA:13,60
DA:14,39
DA:16,12
DA:19,21
LF:11
LH:11
BRDA:10,0,0,18
BRDA:10,0,1,69
BRDA:10,1,0,87
BRDA:10,1,1,24
BRDA:12,2,0,9
BRDA:12,2,1,60
BRDA:13,3,0,21
BRDA:13,3,1,39
BRDA:14,4,0,27
BRDA:14,4,1,12
BRF:10
BRH:10
end_of_record
TN:
SF:src/formatters/plain.js
FN:3,formatValue
FN:11,diffPlain
FN:13,(anonymous_2)
FNF:3
FNH:3
FNDA:75,formatValue
FNDA:21,diffPlain
FNDA:87,(anonymous_2)
DA:4,75
DA:5,69
DA:6,33
DA:7,21
DA:12,21
DA:13,21
DA:14,87
DA:15,87
DA:16,87
DA:18,87
DA:19,18
DA:21,69
DA:22,60
DA:23,21
DA:26,39
DA:27,27
DA:33,12
DA:36,21
LF:18
LH:18
BRDA:4,0,0,6
BRDA:4,0,1,69
BRDA:5,1,0,36
BRDA:5,1,1,33
BRDA:6,2,0,12
BRDA:6,2,1,21
BRDA:11,3,0,3
BRDA:16,4,0,69
BRDA:16,4,1,18
BRDA:18,5,0,18
BRDA:18,5,1,69
BRDA:18,6,0,87
BRDA:18,6,1,24
BRDA:21,7,0,9
BRDA:21,7,1,60
BRDA:22,8,0,21
BRDA:22,8,1,39
BRDA:26,9,0,27
BRDA:26,9,1,12
BRF:19
BRH:19
end_of_record
TN:
SF:src/formatters/stylish.js
FN:3,formatValue
FN:8,(anonymous_1)
FN:16,diffStylish
FN:19,(anonymous_3)
FNF:4
FNH:4
FNDA:126,formatValue
FNDA:30,(anonymous_1)
FNDA:21,diffStylish
FNDA:87,(anonymous_3)
DA:4,126
DA:5,24
DA:6,24
DA:7,24
DA:8,30
DA:10,24
DA:12,102
DA:17,21
DA:18,21
DA:19,21
DA:20,87
DA:21,87
DA:23,87
DA:24,18
DA:25,69
DA:26,9
DA:27,60
DA:28,21
DA:29,39
DA:30,27
DA:35,12
DA:38,21
LF:22
LH:22
BRDA:4,0,0,24
BRDA:4,0,1,102
BRDA:4,1,0,126
BRDA:4,1,1,30
BRDA:16,2,0,3
BRDA:23,3,0,18
BRDA:23,3,1,69
BRDA:23,4,0,87
BRDA:23,4,1,24
BRDA:25,5,0,9
BRDA:25,5,1,60
BRDA:27,6,0,21
BRDA:27,6,1,39
BRDA:29,7,0,27
BRDA:29,7,1,12
BRF:15
BRH:15
end_of_record
